{"timestamp": "2026-04-15T22:26:46.345278", "gps": {"lat": 48.73592798759167, "lon": 19.14661087575663}, "speed": 77.74, "temp": 29.33, "pressure": 1012.88, "accel": -0.31}
{"timestamp": "2026-04-15T22:26:48.346255", "gps": {"lat": 48.73552742832873, "lon": 19.145717790999438}, "speed": 69.72, "temp": 16.98, "pressure": 998.1, "accel": -0.74}
{"timestamp": "2026-04-15T22:26:50.346841", "gps": {"lat": 48.736473210314365, "lon": 19.1462874558119}, "speed": 29.19, "temp": 33.9, "pressure": 998.44, "accel": 1.83}
{"timestamp": "2026-04-15T22:26:52.347429", "gps": {"lat": 48.73587104498483, "lon": 19.145515748642037}, "speed": 87.54, "temp": 19.72, "pressure": 1001.87, "accel": 1.79}
{"timestamp": "2026-04-15T22:26:54.348438", "gps": {"lat": 48.73557109440978, "lon": 19.145848577425596}, "speed": 7.6, "temp": 26.17, "pressure": 1014.99, "accel": -1.87}
{"timestamp": "2026-04-15T22:26:56.349457", "gps": {"lat": 48.73659252648696, "lon": 19.14574859886605}, "speed": 16.19, "temp": 24.19, "pressure": 1007.9, "accel": 0.14}
{"timestamp": "2026-04-15T22:26:58.350461", "gps": {"lat": 48.73698448650978, "lon": 19.14603039346778}, "speed": 88.12, "temp": 29.45, "pressure": 1010.97, "accel": 0.43}
{"timestamp": "2026-04-15T22:27:00.351638", "gps": {"lat": 48.7353179753745, "lon": 19.14520173960129}, "speed": 89.85, "temp": 33.3, "pressure": 997.7, "accel": -1.11}
{"timestamp": "2026-04-15T22:27:02.352660", "gps": {"lat": 48.735903774089365, "lon": 19.146806369765315}, "speed": 34.66, "temp": 23.54, "pressure": 1002.08, "accel": 1.26}
{"timestamp": "2026-04-15T22:27:04.353730", "gps": {"lat": 48.735983670066744, "lon": 19.145372319208576}, "speed": 117.21, "temp": 25.52, "pressure": 1007.41, "accel": -1.25}
{"timestamp": "2026-04-15T22:27:06.354812", "gps": {"lat": 48.735633671179635, "lon": 19.145736619502415}, "speed": 97.43, "temp": 23.8, "pressure": 1003.4, "accel": -0.27}
{"timestamp": "2026-04-15T22:27:08.355848", "gps": {"lat": 48.73542641482246, "lon": 19.145329090914696}, "speed": 64.47, "temp": 23.51, "pressure": 1023.47, "accel": -1.26}
{"timestamp": "2026-04-15T22:27:10.356843", "gps": {"lat": 48.73608396219115, "lon": 19.147033960938327}, "speed": 55.69, "temp": 16.29, "pressure": 1014.65, "accel": 0.46}
{"timestamp": "2026-04-15T22:27:12.357845", "gps": {"lat": 48.73576299418532, "lon": 19.145756320659462}, "speed": 96.26, "temp": 21.38, "pressure": 1016.3, "accel": 1.96}
{"timestamp": "2026-04-15T22:27:14.358839", "gps": {"lat": 48.7352799670969, "lon": 19.145726153379076}, "speed": 0.84, "temp": 30.41, "pressure": 1019.67, "accel": -1.12}
{"timestamp": "2026-04-15T22:27:16.359898", "gps": {"lat": 48.73581510807884, "lon": 19.145441865253403}, "speed": 93.02, "temp": 17.58, "pressure": 1012.66, "accel": 0.26}
{"timestamp": "2026-04-15T22:27:18.360901", "gps": {"lat": 48.73674543246466, "lon": 19.146083775295804}, "speed": 110.57, "temp": 17.25, "pressure": 1006.93, "accel": -0.48}
{"timestamp": "2026-04-15T22:27:20.361890", "gps": {"lat": 48.73694595396433, "lon": 19.14672562357087}, "speed": 42.93, "temp": 30.97, "pressure": 999.73, "accel": -1.6}
{"timestamp": "2026-04-15T22:27:22.362900", "gps": {"lat": 48.73653831217455, "lon": 19.145978955130325}, "speed": 34.51, "temp": 20.17, "pressure": 994.85, "accel": 0.04}
{"timestamp": "2026-04-15T22:27:24.363946", "gps": {"lat": 48.73549243846178, "lon": 19.145976897161034}, "speed": 113.49, "temp": 32.84, "pressure": 1014.81, "accel": 1.59}
{"timestamp": "2026-04-15T22:27:26.364945", "gps": {"lat": 48.736513545315255, "lon": 19.147140188045817}, "speed": 19.94, "temp": 31.19, "pressure": 1007.74, "accel": -0.62}
{"timestamp": "2026-04-15T22:27:28.365938", "gps": {"lat": 48.7364851246067, "lon": 19.145556958360494}, "speed": 79.49, "temp": 20.71, "pressure": 998.64, "accel": -1.98}
{"timestamp": "2026-04-15T22:27:30.366922", "gps": {"lat": 48.73555294523744, "lon": 19.145828487893297}, "speed": 17.13, "temp": 30.79, "pressure": 1017.99, "accel": 0.54}
{"timestamp": "2026-04-15T22:27:32.367935", "gps": {"lat": 48.73658699952886, "lon": 19.146329752704055}, "speed": 65.89, "temp": 27.77, "pressure": 1014.4, "accel": 0.84}
{"timestamp": "2026-04-15T22:27:34.369017", "gps": {"lat": 48.7360660496286, "lon": 19.1469654141207}, "speed": 19.7, "temp": 20.03, "pressure": 1006.0, "accel": -1.97}
{"timestamp": "2026-04-15T22:27:36.369993", "gps": {"lat": 48.73629024087765, "lon": 19.145576134865195}, "speed": 0.69, "temp": 32.31, "pressure": 997.69, "accel": -1.69}
{"timestamp": "2026-04-15T22:27:38.371009", "gps": {"lat": 48.73581155883875, "lon": 19.147091448121166}, "speed": 100.71, "temp": 33.01, "pressure": 1002.24, "accel": -1.9}
{"timestamp": "2026-04-15T22:27:40.372036", "gps": {"lat": 48.73700396706269, "lon": 19.14546190995584}, "speed": 46.46, "temp": 24.53, "pressure": 997.47, "accel": -0.35}
{"timestamp": "2026-04-15T22:27:42.373035", "gps": {"lat": 48.736670803579344, "lon": 19.1457048305863}, "speed": 91.04, "temp": 25.91, "pressure": 992.65, "accel": -0.89}
{"timestamp": "2026-04-15T22:27:44.374021", "gps": {"lat": 48.73575214988967, "lon": 19.146869226764284}, "speed": 13.87, "temp": 15.57, "pressure": 998.86, "accel": 1.02}
{"timestamp": "2026-04-15T22:27:46.375017", "gps": {"lat": 48.73585610248825, "lon": 19.145432209538335}, "speed": 65.18, "temp": 22.19, "pressure": 1018.88, "accel": 1.3}
{"timestamp": "2026-04-15T22:27:48.376062", "gps": {"lat": 48.73665594535869, "lon": 19.14530769709029}, "speed": 118.93, "temp": 21.0, "pressure": 1005.15, "accel": 1.73}
{"timestamp": "2026-04-15T22:27:50.377145", "gps": {"lat": 48.736573789327785, "lon": 19.147164035575276}, "speed": 71.02, "temp": 15.66, "pressure": 997.88, "accel": 0.53}
{"timestamp": "2026-04-15T22:27:52.378154", "gps": {"lat": 48.73694186973281, "lon": 19.14687800865458}, "speed": 104.28, "temp": 32.48, "pressure": 1013.61, "accel": -0.9}
{"timestamp": "2026-04-15T22:27:54.379171", "gps": {"lat": 48.73709825258012, "lon": 19.14661968339363}, "speed": 95.01, "temp": 17.27, "pressure": 1017.12, "accel": -1.99}
{"timestamp": "2026-04-15T22:27:56.380189", "gps": {"lat": 48.736567058794975, "lon": 19.147057070390844}, "speed": 34.87, "temp": 19.37, "pressure": 1013.52, "accel": -0.46}
{"timestamp": "2026-04-15T22:27:58.381189", "gps": {"lat": 48.73665061693972, "lon": 19.145947680195963}, "speed": 85.49, "temp": 34.95, "pressure": 992.69, "accel": 1.57}
{"timestamp": "2026-04-15T22:28:00.382169", "gps": {"lat": 48.73696568985442, "lon": 19.145253558693863}, "speed": 50.73, "temp": 23.2, "pressure": 996.78, "accel": 1.1}
{"timestamp": "2026-04-15T22:28:02.383128", "gps": {"lat": 48.735286552162705, "lon": 19.14605973875225}, "speed": 98.34, "temp": 22.48, "pressure": 1008.87, "accel": -0.7}
{"timestamp": "2026-04-15T22:28:04.384168", "gps": {"lat": 48.736636312467674, "lon": 19.145486342249956}, "speed": 49.72, "temp": 31.9, "pressure": 1012.31, "accel": 1.13}
{"timestamp": "2026-04-15T22:28:06.385160", "gps": {"lat": 48.73643358390067, "lon": 19.146878093237607}, "speed": 38.44, "temp": 24.16, "pressure": 1002.59, "accel": 1.74}
{"timestamp": "2026-04-15T22:28:08.386139", "gps": {"lat": 48.736021174413565, "lon": 19.14570034429976}, "speed": 70.1, "temp": 28.1, "pressure": 1009.84, "accel": -1.45}
{"timestamp": "2026-04-15T22:28:10.387180", "gps": {"lat": 48.73669845077526, "lon": 19.14625639188165}, "speed": 1.51, "temp": 25.78, "pressure": 1024.38, "accel": 0.14}
{"timestamp": "2026-04-15T22:28:12.388223", "gps": {"lat": 48.735291094840285, "lon": 19.14602467428293}, "speed": 59.54, "temp": 28.6, "pressure": 1012.6, "accel": 0.79}
{"timestamp": "2026-04-15T22:28:14.389289", "gps": {"lat": 48.73648226815678, "lon": 19.146449649223346}, "speed": 73.15, "temp": 31.81, "pressure": 1019.9, "accel": -0.92}
{"timestamp": "2026-04-15T22:46:20.580875", "gps": {"lat": 48.73667744996795, "lon": 19.14638241888231}, "speed": 23.63, "heading": null, "temp": 16.96, "pressure": 990.15, "accel": 1.46}
{"timestamp": "2026-04-15T22:46:22.581537", "gps": {"lat": 48.7371932357251, "lon": 19.14535467591389}, "speed": 25.25, "heading": 307.27, "temp": 27.88, "pressure": 1024.6, "accel": 1.4}
{"timestamp": "2026-04-15T22:46:24.582160", "gps": {"lat": 48.73638170548149, "lon": 19.146388518437732}, "speed": 116.75, "heading": 303.11, "temp": 29.09, "pressure": 1013.54, "accel": 0.87}
{"timestamp": "2026-04-15T22:46:26.582961", "gps": {"lat": 48.73684252598134, "lon": 19.146100871394722}, "speed": 49.5, "heading": 309.81, "temp": 24.43, "pressure": 1004.77, "accel": 0.74}
{"timestamp": "2026-04-15T22:46:28.584219", "gps": {"lat": 48.73618068543061, "lon": 19.1465150238235}, "speed": 42.88, "heading": 301.31, "temp": 32.12, "pressure": 1017.05, "accel": -0.55}
{"timestamp": "2026-04-15T22:46:30.585379", "gps": {"lat": 48.73690892394823, "lon": 19.14542966669668}, "speed": 66.49, "heading": 304.13, "temp": 32.31, "pressure": 1019.18, "accel": -0.53}
{"timestamp": "2026-04-15T22:46:32.586396", "gps": {"lat": 48.73613712760799, "lon": 19.146501749291733}, "speed": 79.69, "heading": 299.76, "temp": 17.07, "pressure": 1021.04, "accel": 0.45}
{"timestamp": "2026-04-15T22:46:34.587640", "gps": {"lat": 48.73629939980685, "lon": 19.145383232153353}, "speed": 95.91, "heading": 296.32, "temp": 33.63, "pressure": 1021.28, "accel": 0.63}
{"timestamp": "2026-04-15T22:46:36.588902", "gps": {"lat": 48.73648404994493, "lon": 19.145760715807555}, "speed": 116.16, "heading": 310.41, "temp": 32.43, "pressure": 990.75, "accel": -0.85}
{"timestamp": "2026-04-15T22:46:38.590084", "gps": {"lat": 48.7371090002282, "lon": 19.14531724164759}, "speed": 72.63, "heading": 315.24, "temp": 23.2, "pressure": 1017.18, "accel": 1.24}
{"timestamp": "2026-04-15T22:46:40.591212", "gps": {"lat": 48.73608844410082, "lon": 19.145766318836753}, "speed": 51.98, "heading": 306.53, "temp": 16.31, "pressure": 998.73, "accel": 0.08}
{"timestamp": "2026-04-15T22:46:42.592386", "gps": {"lat": 48.73554610325338, "lon": 19.14564514098902}, "speed": 56.51, "heading": 292.5, "temp": 19.57, "pressure": 992.47, "accel": 0.6}
{"timestamp": "2026-04-15T22:46:44.593567", "gps": {"lat": 48.73696621967492, "lon": 19.14548314852117}, "speed": 87.88, "heading": 303.84, "temp": 20.6, "pressure": 1000.56, "accel": 0.14}
{"timestamp": "2026-04-15T22:46:46.594761", "gps": {"lat": 48.73560858770613, "lon": 19.146017678219277}, "speed": 112.62, "heading": 292.3, "temp": 29.93, "pressure": 1015.96, "accel": 0.42}
{"timestamp": "2026-04-15T22:46:48.595989", "gps": {"lat": 48.73555161537542, "lon": 19.14623349623053}, "speed": 1.97, "heading": null, "temp": 18.34, "pressure": 1010.47, "accel": -1.3}
{"timestamp": "2026-04-15T22:46:50.597145", "gps": {"lat": 48.737259486058946, "lon": 19.146423871431672}, "speed": 101.64, "heading": 304.74, "temp": 15.32, "pressure": 996.54, "accel": -0.56}
{"timestamp": "2026-04-15T22:46:52.598251", "gps": {"lat": 48.73607055196211, "lon": 19.1459808932002}, "speed": 114.37, "heading": 290.36, "temp": 32.79, "pressure": 1006.97, "accel": 0.58}
{"timestamp": "2026-04-15T22:46:54.599490", "gps": {"lat": 48.73634873361981, "lon": 19.146480975658502}, "speed": 109.0, "heading": 304.29, "temp": 34.02, "pressure": 1005.38, "accel": 0.46}
{"timestamp": "2026-04-15T22:46:56.600629", "gps": {"lat": 48.736691659031834, "lon": 19.146802525362745}, "speed": 114.61, "heading": 318.17, "temp": 33.21, "pressure": 1006.99, "accel": 1.87}
{"timestamp": "2026-04-15T22:46:58.601787", "gps": {"lat": 48.7365707938621, "lon": 19.146734485035402}, "speed": 70.82, "heading": 304.11, "temp": 20.2, "pressure": 998.21, "accel": 0.53}
